running egg_info
creating ../../build/turtlebot3_controller/turtlebot3_controller.egg-info
writing ../../build/turtlebot3_controller/turtlebot3_controller.egg-info/PKG-INFO
writing dependency_links to ../../build/turtlebot3_controller/turtlebot3_controller.egg-info/dependency_links.txt
writing entry points to ../../build/turtlebot3_controller/turtlebot3_controller.egg-info/entry_points.txt
writing requirements to ../../build/turtlebot3_controller/turtlebot3_controller.egg-info/requires.txt
writing top-level names to ../../build/turtlebot3_controller/turtlebot3_controller.egg-info/top_level.txt
writing manifest file '../../build/turtlebot3_controller/turtlebot3_controller.egg-info/SOURCES.txt'
reading manifest file '../../build/turtlebot3_controller/turtlebot3_controller.egg-info/SOURCES.txt'
writing manifest file '../../build/turtlebot3_controller/turtlebot3_controller.egg-info/SOURCES.txt'
running build
running build_py
creating /home/eheh1000/Bureau/ROB-POLYTECH/rob4/ROS/tp3-ros2/TP3_ROS/myturtlebot-ws/src/build/turtlebot3_controller/build
creating /home/eheh1000/Bureau/ROB-POLYTECH/rob4/ROS/tp3-ros2/TP3_ROS/myturtlebot-ws/src/build/turtlebot3_controller/build/lib
creating /home/eheh1000/Bureau/ROB-POLYTECH/rob4/ROS/tp3-ros2/TP3_ROS/myturtlebot-ws/src/build/turtlebot3_controller/build/lib/turtlebot3_controller
copying turtlebot3_controller/velocity_controller.py -> /home/eheh1000/Bureau/ROB-POLYTECH/rob4/ROS/tp3-ros2/TP3_ROS/myturtlebot-ws/src/build/turtlebot3_controller/build/lib/turtlebot3_controller
copying turtlebot3_controller/__init__.py -> /home/eheh1000/Bureau/ROB-POLYTECH/rob4/ROS/tp3-ros2/TP3_ROS/myturtlebot-ws/src/build/turtlebot3_controller/build/lib/turtlebot3_controller
copying turtlebot3_controller/teleop.py -> /home/eheh1000/Bureau/ROB-POLYTECH/rob4/ROS/tp3-ros2/TP3_ROS/myturtlebot-ws/src/build/turtlebot3_controller/build/lib/turtlebot3_controller
copying turtlebot3_controller/obstacle_analyzer.py -> /home/eheh1000/Bureau/ROB-POLYTECH/rob4/ROS/tp3-ros2/TP3_ROS/myturtlebot-ws/src/build/turtlebot3_controller/build/lib/turtlebot3_controller
running install
running install_lib
creating /home/eheh1000/Bureau/ROB-POLYTECH/rob4/ROS/tp3-ros2/TP3_ROS/myturtlebot-ws/src/install/turtlebot3_controller/lib/python3.12/site-packages/turtlebot3_controller
copying /home/eheh1000/Bureau/ROB-POLYTECH/rob4/ROS/tp3-ros2/TP3_ROS/myturtlebot-ws/src/build/turtlebot3_controller/build/lib/turtlebot3_controller/velocity_controller.py -> /home/eheh1000/Bureau/ROB-POLYTECH/rob4/ROS/tp3-ros2/TP3_ROS/myturtlebot-ws/src/install/turtlebot3_controller/lib/python3.12/site-packages/turtlebot3_controller
copying /home/eheh1000/Bureau/ROB-POLYTECH/rob4/ROS/tp3-ros2/TP3_ROS/myturtlebot-ws/src/build/turtlebot3_controller/build/lib/turtlebot3_controller/__init__.py -> /home/eheh1000/Bureau/ROB-POLYTECH/rob4/ROS/tp3-ros2/TP3_ROS/myturtlebot-ws/src/install/turtlebot3_controller/lib/python3.12/site-packages/turtlebot3_controller
copying /home/eheh1000/Bureau/ROB-POLYTECH/rob4/ROS/tp3-ros2/TP3_ROS/myturtlebot-ws/src/build/turtlebot3_controller/build/lib/turtlebot3_controller/teleop.py -> /home/eheh1000/Bureau/ROB-POLYTECH/rob4/ROS/tp3-ros2/TP3_ROS/myturtlebot-ws/src/install/turtlebot3_controller/lib/python3.12/site-packages/turtlebot3_controller
copying /home/eheh1000/Bureau/ROB-POLYTECH/rob4/ROS/tp3-ros2/TP3_ROS/myturtlebot-ws/src/build/turtlebot3_controller/build/lib/turtlebot3_controller/obstacle_analyzer.py -> /home/eheh1000/Bureau/ROB-POLYTECH/rob4/ROS/tp3-ros2/TP3_ROS/myturtlebot-ws/src/install/turtlebot3_controller/lib/python3.12/site-packages/turtlebot3_controller
byte-compiling /home/eheh1000/Bureau/ROB-POLYTECH/rob4/ROS/tp3-ros2/TP3_ROS/myturtlebot-ws/src/install/turtlebot3_controller/lib/python3.12/site-packages/turtlebot3_controller/velocity_controller.py to velocity_controller.cpython-312.pyc
byte-compiling /home/eheh1000/Bureau/ROB-POLYTECH/rob4/ROS/tp3-ros2/TP3_ROS/myturtlebot-ws/src/install/turtlebot3_controller/lib/python3.12/site-packages/turtlebot3_controller/__init__.py to __init__.cpython-312.pyc
byte-compiling /home/eheh1000/Bureau/ROB-POLYTECH/rob4/ROS/tp3-ros2/TP3_ROS/myturtlebot-ws/src/install/turtlebot3_controller/lib/python3.12/site-packages/turtlebot3_controller/teleop.py to teleop.cpython-312.pyc
byte-compiling /home/eheh1000/Bureau/ROB-POLYTECH/rob4/ROS/tp3-ros2/TP3_ROS/myturtlebot-ws/src/install/turtlebot3_controller/lib/python3.12/site-packages/turtlebot3_controller/obstacle_analyzer.py to obstacle_analyzer.cpython-312.pyc
running install_data
creating /home/eheh1000/Bureau/ROB-POLYTECH/rob4/ROS/tp3-ros2/TP3_ROS/myturtlebot-ws/src/install/turtlebot3_controller/share/ament_index
creating /home/eheh1000/Bureau/ROB-POLYTECH/rob4/ROS/tp3-ros2/TP3_ROS/myturtlebot-ws/src/install/turtlebot3_controller/share/ament_index/resource_index
creating /home/eheh1000/Bureau/ROB-POLYTECH/rob4/ROS/tp3-ros2/TP3_ROS/myturtlebot-ws/src/install/turtlebot3_controller/share/ament_index/resource_index/packages
copying resource/turtlebot3_controller -> /home/eheh1000/Bureau/ROB-POLYTECH/rob4/ROS/tp3-ros2/TP3_ROS/myturtlebot-ws/src/install/turtlebot3_controller/share/ament_index/resource_index/packages
copying package.xml -> /home/eheh1000/Bureau/ROB-POLYTECH/rob4/ROS/tp3-ros2/TP3_ROS/myturtlebot-ws/src/install/turtlebot3_controller/share/turtlebot3_controller
creating /home/eheh1000/Bureau/ROB-POLYTECH/rob4/ROS/tp3-ros2/TP3_ROS/myturtlebot-ws/src/install/turtlebot3_controller/share/turtlebot3_controller/launch
copying launch/autonomous_navigation.launch.py -> /home/eheh1000/Bureau/ROB-POLYTECH/rob4/ROS/tp3-ros2/TP3_ROS/myturtlebot-ws/src/install/turtlebot3_controller/share/turtlebot3_controller/launch
running install_egg_info
Copying ../../build/turtlebot3_controller/turtlebot3_controller.egg-info to /home/eheh1000/Bureau/ROB-POLYTECH/rob4/ROS/tp3-ros2/TP3_ROS/myturtlebot-ws/src/install/turtlebot3_controller/lib/python3.12/site-packages/turtlebot3_controller-0.0.1-py3.12.egg-info
running install_scripts
Installing obstacle_analyzer script to /home/eheh1000/Bureau/ROB-POLYTECH/rob4/ROS/tp3-ros2/TP3_ROS/myturtlebot-ws/src/install/turtlebot3_controller/lib/turtlebot3_controller
Installing teleop script to /home/eheh1000/Bureau/ROB-POLYTECH/rob4/ROS/tp3-ros2/TP3_ROS/myturtlebot-ws/src/install/turtlebot3_controller/lib/turtlebot3_controller
Installing velocity_controller script to /home/eheh1000/Bureau/ROB-POLYTECH/rob4/ROS/tp3-ros2/TP3_ROS/myturtlebot-ws/src/install/turtlebot3_controller/lib/turtlebot3_controller
writing list of installed files to '/home/eheh1000/Bureau/ROB-POLYTECH/rob4/ROS/tp3-ros2/TP3_ROS/myturtlebot-ws/src/build/turtlebot3_controller/install.log'
