/home/eheh1000/Bureau/ROB-POLYTECH/rob4/ROS/tp3-ros2/TP3_ROS/myturtlebot-ws/src/install/turtlebot3_controller/lib/python3.12/site-packages/turtlebot3_controller/velocity_controller.py
/home/eheh1000/Bureau/ROB-POLYTECH/rob4/ROS/tp3-ros2/TP3_ROS/myturtlebot-ws/src/install/turtlebot3_controller/lib/python3.12/site-packages/turtlebot3_controller/__init__.py
/home/eheh1000/Bureau/ROB-POLYTECH/rob4/ROS/tp3-ros2/TP3_ROS/myturtlebot-ws/src/install/turtlebot3_controller/lib/python3.12/site-packages/turtlebot3_controller/teleop.py
/home/eheh1000/Bureau/ROB-POLYTECH/rob4/ROS/tp3-ros2/TP3_ROS/myturtlebot-ws/src/install/turtlebot3_controller/lib/python3.12/site-packages/turtlebot3_controller/obstacle_analyzer.py
/home/eheh1000/Bureau/ROB-POLYTECH/rob4/ROS/tp3-ros2/TP3_ROS/myturtlebot-ws/src/install/turtlebot3_controller/lib/python3.12/site-packages/turtlebot3_controller/__pycache__/velocity_controller.cpython-312.pyc
/home/eheh1000/Bureau/ROB-POLYTECH/rob4/ROS/tp3-ros2/TP3_ROS/myturtlebot-ws/src/install/turtlebot3_controller/lib/python3.12/site-packages/turtlebot3_controller/__pycache__/__init__.cpython-312.pyc
/home/eheh1000/Bureau/ROB-POLYTECH/rob4/ROS/tp3-ros2/TP3_ROS/myturtlebot-ws/src/install/turtlebot3_controller/lib/python3.12/site-packages/turtlebot3_controller/__pycache__/teleop.cpython-312.pyc
/home/eheh1000/Bureau/ROB-POLYTECH/rob4/ROS/tp3-ros2/TP3_ROS/myturtlebot-ws/src/install/turtlebot3_controller/lib/python3.12/site-packages/turtlebot3_controller/__pycache__/obstacle_analyzer.cpython-312.pyc
/home/eheh1000/Bureau/ROB-POLYTECH/rob4/ROS/tp3-ros2/TP3_ROS/myturtlebot-ws/src/install/turtlebot3_controller/share/ament_index/resource_index/packages/turtlebot3_controller
/home/eheh1000/Bureau/ROB-POLYTECH/rob4/ROS/tp3-ros2/TP3_ROS/myturtlebot-ws/src/install/turtlebot3_controller/share/turtlebot3_controller/package.xml
/home/eheh1000/Bureau/ROB-POLYTECH/rob4/ROS/tp3-ros2/TP3_ROS/myturtlebot-ws/src/install/turtlebot3_controller/share/turtlebot3_controller/launch/autonomous_navigation.launch.py
/home/eheh1000/Bureau/ROB-POLYTECH/rob4/ROS/tp3-ros2/TP3_ROS/myturtlebot-ws/src/install/turtlebot3_controller/lib/python3.12/site-packages/turtlebot3_controller-0.0.1-py3.12.egg-info/SOURCES.txt
/home/eheh1000/Bureau/ROB-POLYTECH/rob4/ROS/tp3-ros2/TP3_ROS/myturtlebot-ws/src/install/turtlebot3_controller/lib/python3.12/site-packages/turtlebot3_controller-0.0.1-py3.12.egg-info/dependency_links.txt
/home/eheh1000/Bureau/ROB-POLYTECH/rob4/ROS/tp3-ros2/TP3_ROS/myturtlebot-ws/src/install/turtlebot3_controller/lib/python3.12/site-packages/turtlebot3_controller-0.0.1-py3.12.egg-info/entry_points.txt
/home/eheh1000/Bureau/ROB-POLYTECH/rob4/ROS/tp3-ros2/TP3_ROS/myturtlebot-ws/src/install/turtlebot3_controller/lib/python3.12/site-packages/turtlebot3_controller-0.0.1-py3.12.egg-info/top_level.txt
/home/eheh1000/Bureau/ROB-POLYTECH/rob4/ROS/tp3-ros2/TP3_ROS/myturtlebot-ws/src/install/turtlebot3_controller/lib/python3.12/site-packages/turtlebot3_controller-0.0.1-py3.12.egg-info/requires.txt
/home/eheh1000/Bureau/ROB-POLYTECH/rob4/ROS/tp3-ros2/TP3_ROS/myturtlebot-ws/src/install/turtlebot3_controller/lib/python3.12/site-packages/turtlebot3_controller-0.0.1-py3.12.egg-info/zip-safe
/home/eheh1000/Bureau/ROB-POLYTECH/rob4/ROS/tp3-ros2/TP3_ROS/myturtlebot-ws/src/install/turtlebot3_controller/lib/python3.12/site-packages/turtlebot3_controller-0.0.1-py3.12.egg-info/PKG-INFO
/home/eheh1000/Bureau/ROB-POLYTECH/rob4/ROS/tp3-ros2/TP3_ROS/myturtlebot-ws/src/install/turtlebot3_controller/lib/turtlebot3_controller/obstacle_analyzer
/home/eheh1000/Bureau/ROB-POLYTECH/rob4/ROS/tp3-ros2/TP3_ROS/myturtlebot-ws/src/install/turtlebot3_controller/lib/turtlebot3_controller/teleop
/home/eheh1000/Bureau/ROB-POLYTECH/rob4/ROS/tp3-ros2/TP3_ROS/myturtlebot-ws/src/install/turtlebot3_controller/lib/turtlebot3_controller/velocity_controller
